============================= test session starts =============================
platform win32 -- Python 3.12.4, pytest-9.0.2, pluggy-1.6.0 -- C:\Python312\python.exe
cachedir: .pytest_cache
rootdir: C:\Users\user\Desktop\Insurance SaaS\backend
configfile: pyproject.toml
plugins: anyio-4.12.0, Faker-38.2.0
collecting ... collected 2 items

backend\tests\test_ai_quotas.py::test_ai_service_key_hierarchy ERROR     [ 50%]
backend\tests\test_ai_quotas.py::test_ai_usage_logging ERROR             [100%]

=================================== ERRORS ====================================
_______________ ERROR at setup of test_ai_service_key_hierarchy _______________
file C:\Users\user\Desktop\Insurance SaaS\backend\tests\test_ai_quotas.py, line 23
  def test_ai_service_key_hierarchy(db: Session, test_company: Company):
E       fixture 'db' not found
>       available fixtures: _session_faker, agent_auth_headers, anyio_backend, anyio_backend_name, anyio_backend_options, auth_headers, cache, capfd, capfdbinary, caplog, capsys, capsysbinary, capteesys, client, db_session, doctest_namespace, faker, free_tcp_port, free_tcp_port_factory, free_udp_port, free_udp_port_factory, monkeypatch, pytestconfig, record_property, record_testsuite_property, record_xml_attribute, recwarn, subtests, test_admin_user, test_agent_user, test_client_record, test_company, tmp_path, tmp_path_factory, tmpdir, tmpdir_factory
>       use 'pytest --fixtures [testpath]' for help on them.

C:\Users\user\Desktop\Insurance SaaS\backend\tests\test_ai_quotas.py:23
___________________ ERROR at setup of test_ai_usage_logging ___________________
file C:\Users\user\Desktop\Insurance SaaS\backend\tests\test_ai_quotas.py, line 53
  def test_ai_usage_logging(db: Session, test_company: Company):
E       fixture 'db' not found
>       available fixtures: _session_faker, agent_auth_headers, anyio_backend, anyio_backend_name, anyio_backend_options, auth_headers, cache, capfd, capfdbinary, caplog, capsys, capsysbinary, capteesys, client, db_session, doctest_namespace, faker, free_tcp_port, free_tcp_port_factory, free_udp_port, free_udp_port_factory, monkeypatch, pytestconfig, record_property, record_testsuite_property, record_xml_attribute, recwarn, subtests, test_admin_user, test_agent_user, test_client_record, test_company, tmp_path, tmp_path_factory, tmpdir, tmpdir_factory
>       use 'pytest --fixtures [testpath]' for help on them.

C:\Users\user\Desktop\Insurance SaaS\backend\tests\test_ai_quotas.py:53
============================== warnings summary ===============================
backend\app\core\config.py:9
  C:\Users\user\Desktop\Insurance SaaS\backend\app\core\config.py:9: PydanticDeprecatedSince20: Support for class-based `config` is deprecated, use ConfigDict instead. Deprecated in Pydantic V2.0 to be removed in V3.0. See Pydantic V2 Migration Guide at https://errors.pydantic.dev/2.12/migration/
    class Settings(BaseSettings):

backend\app\core\database.py:21
  C:\Users\user\Desktop\Insurance SaaS\backend\app\core\database.py:21: MovedIn20Warning: The ``declarative_base()`` function is now available as sqlalchemy.orm.declarative_base(). (deprecated since: 2.0) (Background on SQLAlchemy 2.0 at: https://sqlalche.me/e/b8d9)
    Base = declarative_base()

backend\app\main.py:51
  C:\Users\user\Desktop\Insurance SaaS\backend\app\main.py:51: DeprecationWarning: 
          on_event is deprecated, use lifespan event handlers instead.
  
          Read more about it in the
          [FastAPI docs for Lifespan Events](https://fastapi.tiangolo.com/advanced/events/).
          
    @app.on_event("startup")

..\..\..\..\Python312\Lib\site-packages\fastapi\applications.py:4580
..\..\..\..\Python312\Lib\site-packages\fastapi\applications.py:4580
  C:\Python312\Lib\site-packages\fastapi\applications.py:4580: DeprecationWarning: 
          on_event is deprecated, use lifespan event handlers instead.
  
          Read more about it in the
          [FastAPI docs for Lifespan Events](https://fastapi.tiangolo.com/advanced/events/).
          
    return self.router.on_event(event_type)

backend\app\main.py:62
  C:\Users\user\Desktop\Insurance SaaS\backend\app\main.py:62: DeprecationWarning: 
          on_event is deprecated, use lifespan event handlers instead.
  
          Read more about it in the
          [FastAPI docs for Lifespan Events](https://fastapi.tiangolo.com/advanced/events/).
          
    @app.on_event("shutdown")

backend\app\schemas\user.py:35
  C:\Users\user\Desktop\Insurance SaaS\backend\app\schemas\user.py:35: PydanticDeprecatedSince20: Support for class-based `config` is deprecated, use ConfigDict instead. Deprecated in Pydantic V2.0 to be removed in V3.0. See Pydantic V2 Migration Guide at https://errors.pydantic.dev/2.12/migration/
    class UserInDB(UserBase):

backend\app\schemas\client.py:46
  C:\Users\user\Desktop\Insurance SaaS\backend\app\schemas\client.py:46: PydanticDeprecatedSince20: Support for class-based `config` is deprecated, use ConfigDict instead. Deprecated in Pydantic V2.0 to be removed in V3.0. See Pydantic V2 Migration Guide at https://errors.pydantic.dev/2.12/migration/
    class ClientAutomobileResponse(ClientAutomobileBase):

backend\app\schemas\client.py:84
  C:\Users\user\Desktop\Insurance SaaS\backend\app\schemas\client.py:84: PydanticDeprecatedSince20: Support for class-based `config` is deprecated, use ConfigDict instead. Deprecated in Pydantic V2.0 to be removed in V3.0. See Pydantic V2 Migration Guide at https://errors.pydantic.dev/2.12/migration/
    class ClientHousingResponse(ClientHousingBase):

backend\app\schemas\client.py:118
  C:\Users\user\Desktop\Insurance SaaS\backend\app\schemas\client.py:118: PydanticDeprecatedSince20: Support for class-based `config` is deprecated, use ConfigDict instead. Deprecated in Pydantic V2.0 to be removed in V3.0. See Pydantic V2 Migration Guide at https://errors.pydantic.dev/2.12/migration/
    class ClientHealthResponse(ClientHealthBase):

backend\app\schemas\client.py:145
  C:\Users\user\Desktop\Insurance SaaS\backend\app\schemas\client.py:145: PydanticDeprecatedSince20: Support for class-based `config` is deprecated, use ConfigDict instead. Deprecated in Pydantic V2.0 to be removed in V3.0. See Pydantic V2 Migration Guide at https://errors.pydantic.dev/2.12/migration/
    class ClientLifeResponse(ClientLifeBase):

backend\app\schemas\client.py:231
  C:\Users\user\Desktop\Insurance SaaS\backend\app\schemas\client.py:231: PydanticDeprecatedSince20: Support for class-based `config` is deprecated, use ConfigDict instead. Deprecated in Pydantic V2.0 to be removed in V3.0. See Pydantic V2 Migration Guide at https://errors.pydantic.dev/2.12/migration/
    class ClientInDB(ClientBase):

backend\app\schemas\policy_template.py:53
  C:\Users\user\Desktop\Insurance SaaS\backend\app\schemas\policy_template.py:53: PydanticDeprecatedSince20: Support for class-based `config` is deprecated, use ConfigDict instead. Deprecated in Pydantic V2.0 to be removed in V3.0. See Pydantic V2 Migration Guide at https://errors.pydantic.dev/2.12/migration/
    class PolicyTemplateResponse(PolicyTemplateBase):

backend\app\schemas\quote.py:58
  C:\Users\user\Desktop\Insurance SaaS\backend\app\schemas\quote.py:58: PydanticDeprecatedSince20: Support for class-based `config` is deprecated, use ConfigDict instead. Deprecated in Pydantic V2.0 to be removed in V3.0. See Pydantic V2 Migration Guide at https://errors.pydantic.dev/2.12/migration/
    class QuoteResponse(QuoteBase):

backend\app\schemas\policy.py:46
  C:\Users\user\Desktop\Insurance SaaS\backend\app\schemas\policy.py:46: PydanticDeprecatedSince20: Support for class-based `config` is deprecated, use ConfigDict instead. Deprecated in Pydantic V2.0 to be removed in V3.0. See Pydantic V2 Migration Guide at https://errors.pydantic.dev/2.12/migration/
    class PolicyResponse(PolicyBase):

backend\app\schemas\policy.py:116
  C:\Users\user\Desktop\Insurance SaaS\backend\app\schemas\policy.py:116: PydanticDeprecatedSince20: Support for class-based `config` is deprecated, use ConfigDict instead. Deprecated in Pydantic V2.0 to be removed in V3.0. See Pydantic V2 Migration Guide at https://errors.pydantic.dev/2.12/migration/
    class EndorsementResponse(EndorsementBase):

backend\app\schemas\payment.py:62
  C:\Users\user\Desktop\Insurance SaaS\backend\app\schemas\payment.py:62: PydanticDeprecatedSince20: Support for class-based `config` is deprecated, use ConfigDict instead. Deprecated in Pydantic V2.0 to be removed in V3.0. See Pydantic V2 Migration Guide at https://errors.pydantic.dev/2.12/migration/
    class PaymentResponse(PaymentBase):

backend\app\schemas\policy_type.py:31
  C:\Users\user\Desktop\Insurance SaaS\backend\app\schemas\policy_type.py:31: PydanticDeprecatedSince20: Support for class-based `config` is deprecated, use ConfigDict instead. Deprecated in Pydantic V2.0 to be removed in V3.0. See Pydantic V2 Migration Guide at https://errors.pydantic.dev/2.12/migration/
    class PolicyTypeResponse(PolicyTypeBase):

backend\app\schemas\claim.py:32
  C:\Users\user\Desktop\Insurance SaaS\backend\app\schemas\claim.py:32: PydanticDeprecatedSince20: Support for class-based `config` is deprecated, use ConfigDict instead. Deprecated in Pydantic V2.0 to be removed in V3.0. See Pydantic V2 Migration Guide at https://errors.pydantic.dev/2.12/migration/
    class ClaimResponse(ClaimBase):

backend\app\schemas\api_keys.py:22
  C:\Users\user\Desktop\Insurance SaaS\backend\app\schemas\api_keys.py:22: PydanticDeprecatedSince20: Support for class-based `config` is deprecated, use ConfigDict instead. Deprecated in Pydantic V2.0 to be removed in V3.0. See Pydantic V2 Migration Guide at https://errors.pydantic.dev/2.12/migration/
    class ApiKeyResponse(ApiKeyBase):

backend\app\schemas\rbac.py:11
  C:\Users\user\Desktop\Insurance SaaS\backend\app\schemas\rbac.py:11: PydanticDeprecatedSince20: Support for class-based `config` is deprecated, use ConfigDict instead. Deprecated in Pydantic V2.0 to be removed in V3.0. See Pydantic V2 Migration Guide at https://errors.pydantic.dev/2.12/migration/
    class PermissionSchema(PermissionBase):

backend\app\schemas\rbac.py:27
  C:\Users\user\Desktop\Insurance SaaS\backend\app\schemas\rbac.py:27: PydanticDeprecatedSince20: Support for class-based `config` is deprecated, use ConfigDict instead. Deprecated in Pydantic V2.0 to be removed in V3.0. See Pydantic V2 Migration Guide at https://errors.pydantic.dev/2.12/migration/
    class RoleSchema(RoleBase):

backend\app\schemas\settings.py:33
  C:\Users\user\Desktop\Insurance SaaS\backend\app\schemas\settings.py:33: PydanticDeprecatedSince20: Support for class-based `config` is deprecated, use ConfigDict instead. Deprecated in Pydantic V2.0 to be removed in V3.0. See Pydantic V2 Migration Guide at https://errors.pydantic.dev/2.12/migration/
    class UserSettingsResponse(UserSettingsBase):

backend\app\schemas\company.py:28
  C:\Users\user\Desktop\Insurance SaaS\backend\app\schemas\company.py:28: PydanticDeprecatedSince20: Support for class-based `config` is deprecated, use ConfigDict instead. Deprecated in Pydantic V2.0 to be removed in V3.0. See Pydantic V2 Migration Guide at https://errors.pydantic.dev/2.12/migration/
    class CompanyResponse(BaseModel):

backend\app\schemas\company.py:51
  C:\Users\user\Desktop\Insurance SaaS\backend\app\schemas\company.py:51: PydanticDeprecatedSince20: Support for class-based `config` is deprecated, use ConfigDict instead. Deprecated in Pydantic V2.0 to be removed in V3.0. See Pydantic V2 Migration Guide at https://errors.pydantic.dev/2.12/migration/
    class CompanyUpdate(BaseModel):

backend\app\schemas\inter_company_share.py:21
  C:\Users\user\Desktop\Insurance SaaS\backend\app\schemas\inter_company_share.py:21: PydanticDeprecatedSince20: Support for class-based `config` is deprecated, use ConfigDict instead. Deprecated in Pydantic V2.0 to be removed in V3.0. See Pydantic V2 Migration Guide at https://errors.pydantic.dev/2.12/migration/
    class InterCompanyShare(InterCompanyShareBase):

backend\app\schemas\ticket.py:21
  C:\Users\user\Desktop\Insurance SaaS\backend\app\schemas\ticket.py:21: PydanticDeprecatedSince20: Support for class-based `config` is deprecated, use ConfigDict instead. Deprecated in Pydantic V2.0 to be removed in V3.0. See Pydantic V2 Migration Guide at https://errors.pydantic.dev/2.12/migration/
    class Ticket(TicketBase):

backend\app\schemas\referral.py:20
  C:\Users\user\Desktop\Insurance SaaS\backend\app\schemas\referral.py:20: PydanticDeprecatedSince20: Support for class-based `config` is deprecated, use ConfigDict instead. Deprecated in Pydantic V2.0 to be removed in V3.0. See Pydantic V2 Migration Guide at https://errors.pydantic.dev/2.12/migration/
    class Referral(ReferralBase):

backend\app\schemas\loyalty.py:19
  C:\Users\user\Desktop\Insurance SaaS\backend\app\schemas\loyalty.py:19: PydanticDeprecatedSince20: Support for class-based `config` is deprecated, use ConfigDict instead. Deprecated in Pydantic V2.0 to be removed in V3.0. See Pydantic V2 Migration Guide at https://errors.pydantic.dev/2.12/migration/
    class LoyaltyPoint(LoyaltyPointBase):

backend\app\schemas\telematics.py:20
  C:\Users\user\Desktop\Insurance SaaS\backend\app\schemas\telematics.py:20: PydanticDeprecatedSince20: Support for class-based `config` is deprecated, use ConfigDict instead. Deprecated in Pydantic V2.0 to be removed in V3.0. See Pydantic V2 Migration Guide at https://errors.pydantic.dev/2.12/migration/
    class TelematicsData(TelematicsDataBase):

backend\app\schemas\ml_model.py:21
  C:\Users\user\Desktop\Insurance SaaS\backend\app\schemas\ml_model.py:21: PydanticDeprecatedSince20: Support for class-based `config` is deprecated, use ConfigDict instead. Deprecated in Pydantic V2.0 to be removed in V3.0. See Pydantic V2 Migration Guide at https://errors.pydantic.dev/2.12/migration/
    class MLModel(MLModelBase):

backend\app\api\v1\endpoints\documents.py:21
  C:\Users\user\Desktop\Insurance SaaS\backend\app\api\v1\endpoints\documents.py:21: PydanticDeprecatedSince20: Support for class-based `config` is deprecated, use ConfigDict instead. Deprecated in Pydantic V2.0 to be removed in V3.0. See Pydantic V2 Migration Guide at https://errors.pydantic.dev/2.12/migration/
    class DocumentResponse(BaseModel):

..\..\..\..\Python312\Lib\site-packages\pydantic\_internal\_config.py:383
  C:\Python312\Lib\site-packages\pydantic\_internal\_config.py:383: UserWarning: Valid config keys have changed in V2:
  * 'orm_mode' has been renamed to 'from_attributes'
    warnings.warn(message, UserWarning)

backend\app\schemas\share_code.py:17
  C:\Users\user\Desktop\Insurance SaaS\backend\app\schemas\share_code.py:17: PydanticDeprecatedSince20: Support for class-based `config` is deprecated, use ConfigDict instead. Deprecated in Pydantic V2.0 to be removed in V3.0. See Pydantic V2 Migration Guide at https://errors.pydantic.dev/2.12/migration/
    class ShareCodeInDBBase(ShareCodeBase):

backend\app\api\v1\endpoints\subscription.py:17
  C:\Users\user\Desktop\Insurance SaaS\backend\app\api\v1\endpoints\subscription.py:17: PydanticDeprecatedSince20: Support for class-based `config` is deprecated, use ConfigDict instead. Deprecated in Pydantic V2.0 to be removed in V3.0. See Pydantic V2 Migration Guide at https://errors.pydantic.dev/2.12/migration/
    class AiUsageLogResponse(BaseModel):

backend\app\schemas\pos_location.py:29
  C:\Users\user\Desktop\Insurance SaaS\backend\app\schemas\pos_location.py:29: PydanticDeprecatedSince20: Support for class-based `config` is deprecated, use ConfigDict instead. Deprecated in Pydantic V2.0 to be removed in V3.0. See Pydantic V2 Migration Guide at https://errors.pydantic.dev/2.12/migration/
    class POSLocation(POSLocationBase):

backend\app\schemas\employee.py:52
  C:\Users\user\Desktop\Insurance SaaS\backend\app\schemas\employee.py:52: PydanticDeprecatedSince20: Support for class-based `config` is deprecated, use ConfigDict instead. Deprecated in Pydantic V2.0 to be removed in V3.0. See Pydantic V2 Migration Guide at https://errors.pydantic.dev/2.12/migration/
    class EmployeeProfileResponse(EmployeeProfileBase):

backend\app\schemas\employee.py:59
  C:\Users\user\Desktop\Insurance SaaS\backend\app\schemas\employee.py:59: PydanticDeprecatedSince20: Support for class-based `config` is deprecated, use ConfigDict instead. Deprecated in Pydantic V2.0 to be removed in V3.0. See Pydantic V2 Migration Guide at https://errors.pydantic.dev/2.12/migration/
    class POSLocationSummary(BaseModel):

backend\app\schemas\employee.py:67
  C:\Users\user\Desktop\Insurance SaaS\backend\app\schemas\employee.py:67: PydanticDeprecatedSince20: Support for class-based `config` is deprecated, use ConfigDict instead. Deprecated in Pydantic V2.0 to be removed in V3.0. See Pydantic V2 Migration Guide at https://errors.pydantic.dev/2.12/migration/
    class EmployeeResponse(UserResponse):

backend\app\schemas\employee.py:100
  C:\Users\user\Desktop\Insurance SaaS\backend\app\schemas\employee.py:100: PydanticDeprecatedSince20: Support for class-based `config` is deprecated, use ConfigDict instead. Deprecated in Pydantic V2.0 to be removed in V3.0. See Pydantic V2 Migration Guide at https://errors.pydantic.dev/2.12/migration/
    class PayrollTransactionResponse(PayrollTransactionBase):

backend\app\schemas\ledger.py:22
  C:\Users\user\Desktop\Insurance SaaS\backend\app\schemas\ledger.py:22: PydanticDeprecatedSince20: Support for class-based `config` is deprecated, use ConfigDict instead. Deprecated in Pydantic V2.0 to be removed in V3.0. See Pydantic V2 Migration Guide at https://errors.pydantic.dev/2.12/migration/
    class AccountResponse(AccountBase):

backend\app\schemas\ledger.py:40
  C:\Users\user\Desktop\Insurance SaaS\backend\app\schemas\ledger.py:40: PydanticDeprecatedSince20: Support for class-based `config` is deprecated, use ConfigDict instead. Deprecated in Pydantic V2.0 to be removed in V3.0. See Pydantic V2 Migration Guide at https://errors.pydantic.dev/2.12/migration/
    class LedgerEntryResponse(LedgerEntryBase):

backend\app\schemas\ledger.py:64
  C:\Users\user\Desktop\Insurance SaaS\backend\app\schemas\ledger.py:64: PydanticDeprecatedSince20: Support for class-based `config` is deprecated, use ConfigDict instead. Deprecated in Pydantic V2.0 to be removed in V3.0. See Pydantic V2 Migration Guide at https://errors.pydantic.dev/2.12/migration/
    class JournalEntryResponse(JournalEntryBase):

backend\app\api\v1\endpoints\analytics.py:42
  C:\Users\user\Desktop\Insurance SaaS\backend\app\api\v1\endpoints\analytics.py:42: DeprecationWarning: `regex` has been deprecated, please use `pattern` instead
    format: str = Query("csv", regex="^(csv|pdf)$"),

backend\app\api\v1\endpoints\analytics.py:43
  C:\Users\user\Desktop\Insurance SaaS\backend\app\api\v1\endpoints\analytics.py:43: DeprecationWarning: `regex` has been deprecated, please use `pattern` instead
    report_type: str = Query("financial_close", regex="^(financial_close|claims_summary|policies_summary)$"),

backend\app\routers\admin_rbac.py:13
  C:\Users\user\Desktop\Insurance SaaS\backend\app\routers\admin_rbac.py:13: PydanticDeprecatedSince20: Support for class-based `config` is deprecated, use ConfigDict instead. Deprecated in Pydantic V2.0 to be removed in V3.0. See Pydantic V2 Migration Guide at https://errors.pydantic.dev/2.12/migration/
    class PermissionBase(BaseModel):

backend\app\routers\admin_rbac.py:23
  C:\Users\user\Desktop\Insurance SaaS\backend\app\routers\admin_rbac.py:23: PydanticDeprecatedSince20: Support for class-based `config` is deprecated, use ConfigDict instead. Deprecated in Pydantic V2.0 to be removed in V3.0. See Pydantic V2 Migration Guide at https://errors.pydantic.dev/2.12/migration/
    class RoleBase(BaseModel):

-- Docs: https://docs.pytest.org/en/stable/how-to/capture-warnings.html
=========================== short test summary info ===========================
ERROR backend\tests\test_ai_quotas.py::test_ai_service_key_hierarchy
ERROR backend\tests\test_ai_quotas.py::test_ai_usage_logging
======================= 47 warnings, 2 errors in 0.38s ========================
